2026-05-08 14:14:33,046 - INFO - Sistema de gestión iniciado correctamente.
2026-05-08 14:14:33,047 - INFO - Cliente registrado: Cliente 1: Victor Jaraba | victor.jaraba@gmail.com | 3004567890
2026-05-08 14:14:33,047 - INFO - Finalizó intento de registro de cliente.
2026-05-08 14:14:33,048 - INFO - Cliente registrado: Cliente 2: Husman Gomes | husman.gomes@gmail.com | 3015557799
2026-05-08 14:14:33,048 - INFO - Finalizó intento de registro de cliente.
2026-05-08 14:14:33,049 - INFO - Servicio agregado: Servicio 3: Sala Principal | Base: $50,000 | Disponible
2026-05-08 14:14:33,049 - INFO - Servicio agregado: Servicio 4: Alquiler Computadores | Base: $28,000 | Disponible
2026-05-08 14:14:33,050 - INFO - Servicio agregado: Servicio 5: Asesoría Avanzada | Base: $75,000 | Disponible
2026-05-08 14:14:33,050 - INFO - Reserva confirmada: Reserva 6: Victor Jaraba | Sala Principal | 2 hora(s) | Estado: Confirmada | Total: $150,000
2026-05-08 14:14:33,050 - INFO - Procesamiento exitoso de la reserva 6
2026-05-08 14:14:33,050 - INFO - Proceso de reserva terminado para el código 6
2026-05-08 14:14:33,051 - INFO - Finalizó intento de creación de reserva.
2026-05-08 14:14:33,051 - INFO - Reserva confirmada: Reserva 7: Husman Gomes | Alquiler Computadores | 3 hora(s) | Estado: Confirmada | Total: $336,000
2026-05-08 14:14:33,051 - INFO - Procesamiento exitoso de la reserva 7
2026-05-08 14:14:33,051 - INFO - Proceso de reserva terminado para el código 7
2026-05-08 14:14:33,051 - INFO - Finalizó intento de creación de reserva.
2026-05-08 14:14:33,051 - INFO - Reserva confirmada: Reserva 8: Victor Jaraba | Asesoría Avanzada | 1 hora(s) | Estado: Confirmada | Total: $116,250
2026-05-08 14:14:33,051 - INFO - Procesamiento exitoso de la reserva 8
2026-05-08 14:14:33,051 - INFO - Proceso de reserva terminado para el código 8
2026-05-08 14:14:33,051 - INFO - Finalizó intento de creación de reserva.
2026-05-08 14:14:33,052 - ERROR - Error registrando cliente: El nombre debe tener mínimo 3 caracteres.
2026-05-08 14:14:33,052 - INFO - Finalizó intento de registro de cliente.
2026-05-08 14:14:33,052 - ERROR - Prueba inválida controlada: El nombre debe tener mínimo 3 caracteres.
2026-05-08 14:14:33,052 - INFO - Prueba de simulación finalizada.
2026-05-08 14:14:33,052 - ERROR - Prueba inválida controlada: El valor base del servicio debe ser mayor que cero.
2026-05-08 14:14:33,053 - INFO - Prueba de simulación finalizada.
2026-05-08 14:14:33,053 - ERROR - Prueba inválida controlada: Debe indicar el tipo de equipo a alquilar.
2026-05-08 14:14:33,053 - INFO - Prueba de simulación finalizada.
2026-05-08 14:14:33,053 - ERROR - Prueba inválida controlada: El nivel debe ser basico, intermedio o avanzado.
2026-05-08 14:14:33,053 - INFO - Prueba de simulación finalizada.
2026-05-08 14:14:33,053 - ERROR - No se pudo crear la reserva: La reserva debe tener un cliente válido.
2026-05-08 14:14:33,054 - INFO - Finalizó intento de creación de reserva.
2026-05-08 14:14:33,054 - ERROR - Prueba inválida controlada: La reserva debe tener un cliente válido.
2026-05-08 14:14:33,054 - INFO - Prueba de simulación finalizada.
2026-05-08 14:14:33,054 - ERROR - No se pudo crear la reserva: La duración de la reserva debe ser mayor que cero.
2026-05-08 14:14:33,054 - INFO - Finalizó intento de creación de reserva.
2026-05-08 14:14:33,054 - ERROR - Prueba inválida controlada: La duración de la reserva debe ser mayor que cero.
2026-05-08 14:14:33,054 - INFO - Prueba de simulación finalizada.
2026-05-08 14:14:33,054 - ERROR - Prueba inválida controlada: El descuento debe estar entre 0% y 50%.
2026-05-08 14:14:33,054 - INFO - Prueba de simulación finalizada.
2026-05-08 14:14:33,285 - INFO - Sistema de gestión iniciado correctamente.
2026-05-08 14:14:33,342 - INFO - Servicio agregado: Servicio 15: Sala Ejecutiva | Base: $45,000 | Disponible
2026-05-08 14:14:33,342 - INFO - Servicio agregado: Servicio 16: Alquiler Portátil | Base: $30,000 | Disponible
2026-05-08 14:14:33,342 - INFO - Servicio agregado: Servicio 17: Asesoría Técnica | Base: $60,000 | Disponible
2026-05-08 14:14:33,345 - INFO - Carga inicial de servicios finalizada.
